[0.748s] Invoking command in '/home/axeval/ros2_ws/src/carrun': PYTHONPATH=/home/axeval/ros2_ws/src/carrun/build/carrun/prefix_override:/home/axeval/ros2_ws/src/carrun/install/carrun/lib/python3.10/site-packages:${PYTHONPATH} /usr/bin/python3 setup.py egg_info --egg-base build/carrun build --build-base /home/axeval/ros2_ws/src/carrun/build/carrun/build install --record /home/axeval/ros2_ws/src/carrun/build/carrun/install.log --single-version-externally-managed
[0.952s] running egg_info
[0.952s] writing build/carrun/carrun.egg-info/PKG-INFO
[0.952s] writing dependency_links to build/carrun/carrun.egg-info/dependency_links.txt
[0.953s] writing entry points to build/carrun/carrun.egg-info/entry_points.txt
[0.953s] writing requirements to build/carrun/carrun.egg-info/requires.txt
[0.953s] writing top-level names to build/carrun/carrun.egg-info/top_level.txt
[0.955s] reading manifest file 'build/carrun/carrun.egg-info/SOURCES.txt'
[0.955s] writing manifest file 'build/carrun/carrun.egg-info/SOURCES.txt'
[0.955s] running build
[0.956s] running build_py
[0.956s] running install
[0.956s] /usr/lib/python3/dist-packages/setuptools/command/install.py:34: SetuptoolsDeprecationWarning: setup.py install is deprecated. Use build and pip and other standards-based tools.
[0.956s]   warnings.warn(
[0.956s] running install_lib
[0.958s] running install_data
[0.958s] running install_egg_info
[0.960s] removing '/home/axeval/ros2_ws/src/carrun/install/carrun/lib/python3.10/site-packages/carrun-0.0.0-py3.10.egg-info' (and everything under it)
[0.960s] Copying build/carrun/carrun.egg-info to /home/axeval/ros2_ws/src/carrun/install/carrun/lib/python3.10/site-packages/carrun-0.0.0-py3.10.egg-info
[0.961s] running install_scripts
[0.981s] Installing broadcaster script to /home/axeval/ros2_ws/src/carrun/install/carrun/lib/carrun
[0.982s] Installing carrot script to /home/axeval/ros2_ws/src/carrun/install/carrun/lib/carrun
[0.982s] Installing listener script to /home/axeval/ros2_ws/src/carrun/install/carrun/lib/carrun
[0.982s] writing list of installed files to '/home/axeval/ros2_ws/src/carrun/build/carrun/install.log'
[1.022s] Invoked command in '/home/axeval/ros2_ws/src/carrun' returned '0': PYTHONPATH=/home/axeval/ros2_ws/src/carrun/build/carrun/prefix_override:/home/axeval/ros2_ws/src/carrun/install/carrun/lib/python3.10/site-packages:${PYTHONPATH} /usr/bin/python3 setup.py egg_info --egg-base build/carrun build --build-base /home/axeval/ros2_ws/src/carrun/build/carrun/build install --record /home/axeval/ros2_ws/src/carrun/build/carrun/install.log --single-version-externally-managed
