running egg_info
creating build/carrun/carrun.egg-info
writing build/carrun/carrun.egg-info/PKG-INFO
writing dependency_links to build/carrun/carrun.egg-info/dependency_links.txt
writing entry points to build/carrun/carrun.egg-info/entry_points.txt
writing requirements to build/carrun/carrun.egg-info/requires.txt
writing top-level names to build/carrun/carrun.egg-info/top_level.txt
writing manifest file 'build/carrun/carrun.egg-info/SOURCES.txt'
reading manifest file 'build/carrun/carrun.egg-info/SOURCES.txt'
writing manifest file 'build/carrun/carrun.egg-info/SOURCES.txt'
running build
running build_py
creating /home/axeval/ros2_ws/src/carrun/build/carrun/build
creating /home/axeval/ros2_ws/src/carrun/build/carrun/build/lib
creating /home/axeval/ros2_ws/src/carrun/build/carrun/build/lib/carrun
copying carrun/__init__.py -> /home/axeval/ros2_ws/src/carrun/build/carrun/build/lib/carrun
copying carrun/listener.py -> /home/axeval/ros2_ws/src/carrun/build/carrun/build/lib/carrun
copying carrun/broadcaster.py -> /home/axeval/ros2_ws/src/carrun/build/carrun/build/lib/carrun
copying carrun/carrot.py -> /home/axeval/ros2_ws/src/carrun/build/carrun/build/lib/carrun
running install
/usr/lib/python3/dist-packages/setuptools/command/install.py:34: SetuptoolsDeprecationWarning: setup.py install is deprecated. Use build and pip and other standards-based tools.
  warnings.warn(
running install_lib
creating /home/axeval/ros2_ws/src/carrun/install/carrun/lib/python3.10/site-packages/carrun
copying /home/axeval/ros2_ws/src/carrun/build/carrun/build/lib/carrun/__init__.py -> /home/axeval/ros2_ws/src/carrun/install/carrun/lib/python3.10/site-packages/carrun
copying /home/axeval/ros2_ws/src/carrun/build/carrun/build/lib/carrun/listener.py -> /home/axeval/ros2_ws/src/carrun/install/carrun/lib/python3.10/site-packages/carrun
copying /home/axeval/ros2_ws/src/carrun/build/carrun/build/lib/carrun/broadcaster.py -> /home/axeval/ros2_ws/src/carrun/install/carrun/lib/python3.10/site-packages/carrun
copying /home/axeval/ros2_ws/src/carrun/build/carrun/build/lib/carrun/carrot.py -> /home/axeval/ros2_ws/src/carrun/install/carrun/lib/python3.10/site-packages/carrun
byte-compiling /home/axeval/ros2_ws/src/carrun/install/carrun/lib/python3.10/site-packages/carrun/__init__.py to __init__.cpython-310.pyc
byte-compiling /home/axeval/ros2_ws/src/carrun/install/carrun/lib/python3.10/site-packages/carrun/listener.py to listener.cpython-310.pyc
byte-compiling /home/axeval/ros2_ws/src/carrun/install/carrun/lib/python3.10/site-packages/carrun/broadcaster.py to broadcaster.cpython-310.pyc
byte-compiling /home/axeval/ros2_ws/src/carrun/install/carrun/lib/python3.10/site-packages/carrun/carrot.py to carrot.cpython-310.pyc
running install_data
creating /home/axeval/ros2_ws/src/carrun/install/carrun/share/ament_index
creating /home/axeval/ros2_ws/src/carrun/install/carrun/share/ament_index/resource_index
creating /home/axeval/ros2_ws/src/carrun/install/carrun/share/ament_index/resource_index/packages
copying resource/carrun -> /home/axeval/ros2_ws/src/carrun/install/carrun/share/ament_index/resource_index/packages
copying package.xml -> /home/axeval/ros2_ws/src/carrun/install/carrun/share/carrun
creating /home/axeval/ros2_ws/src/carrun/install/carrun/share/carrun/launch
copying launch/carrun.launch.py -> /home/axeval/ros2_ws/src/carrun/install/carrun/share/carrun/launch
running install_egg_info
Copying build/carrun/carrun.egg-info to /home/axeval/ros2_ws/src/carrun/install/carrun/lib/python3.10/site-packages/carrun-0.0.0-py3.10.egg-info
running install_scripts
Installing broadcaster = carrun.broadcaster:mainlistener = carrun.listener:maincarrot script to /home/axeval/ros2_ws/src/carrun/install/carrun/lib/carrun
writing list of installed files to '/home/axeval/ros2_ws/src/carrun/build/carrun/install.log'
