/home/axeval/ros2_ws/src/carrun/install/carrun/lib/python3.10/site-packages/carrun/__init__.py
/home/axeval/ros2_ws/src/carrun/install/carrun/lib/python3.10/site-packages/carrun/listener.py
/home/axeval/ros2_ws/src/carrun/install/carrun/lib/python3.10/site-packages/carrun/broadcaster.py
/home/axeval/ros2_ws/src/carrun/install/carrun/lib/python3.10/site-packages/carrun/carrot.py
/home/axeval/ros2_ws/src/carrun/install/carrun/lib/python3.10/site-packages/carrun/__pycache__/__init__.cpython-310.pyc
/home/axeval/ros2_ws/src/carrun/install/carrun/lib/python3.10/site-packages/carrun/__pycache__/listener.cpython-310.pyc
/home/axeval/ros2_ws/src/carrun/install/carrun/lib/python3.10/site-packages/carrun/__pycache__/broadcaster.cpython-310.pyc
/home/axeval/ros2_ws/src/carrun/install/carrun/lib/python3.10/site-packages/carrun/__pycache__/carrot.cpython-310.pyc
/home/axeval/ros2_ws/src/carrun/install/carrun/share/ament_index/resource_index/packages/carrun
/home/axeval/ros2_ws/src/carrun/install/carrun/share/carrun/package.xml
/home/axeval/ros2_ws/src/carrun/install/carrun/share/carrun/launch/carrun.launch.py
/home/axeval/ros2_ws/src/carrun/install/carrun/lib/python3.10/site-packages/carrun-0.0.0-py3.10.egg-info/dependency_links.txt
/home/axeval/ros2_ws/src/carrun/install/carrun/lib/python3.10/site-packages/carrun-0.0.0-py3.10.egg-info/entry_points.txt
/home/axeval/ros2_ws/src/carrun/install/carrun/lib/python3.10/site-packages/carrun-0.0.0-py3.10.egg-info/SOURCES.txt
/home/axeval/ros2_ws/src/carrun/install/carrun/lib/python3.10/site-packages/carrun-0.0.0-py3.10.egg-info/requires.txt
/home/axeval/ros2_ws/src/carrun/install/carrun/lib/python3.10/site-packages/carrun-0.0.0-py3.10.egg-info/PKG-INFO
/home/axeval/ros2_ws/src/carrun/install/carrun/lib/python3.10/site-packages/carrun-0.0.0-py3.10.egg-info/zip-safe
/home/axeval/ros2_ws/src/carrun/install/carrun/lib/python3.10/site-packages/carrun-0.0.0-py3.10.egg-info/top_level.txt
/home/axeval/ros2_ws/src/carrun/install/carrun/lib/carrun/broadcaster
/home/axeval/ros2_ws/src/carrun/install/carrun/lib/carrun/carrot
/home/axeval/ros2_ws/src/carrun/install/carrun/lib/carrun/listener
